0 info it worked if it ends with ok
1 verbose cli [ 'nodejs', '/usr/bin/npm', 'install', '-l' ]
2 info using npm@1.1.65
3 info using node@v0.8.14
4 verbose read json /home/evicenti/blog.production/package.json
5 error install Couldn't read dependencies
6 error Error: ENOENT, open '/home/evicenti/blog.production/package.json'
7 error If you need help, you may report this log at:
7 error     <http://github.com/isaacs/npm/issues>
7 error or email it to:
7 error     <npm-@googlegroups.com>
8 error System Linux 3.2.0-23-generic
9 error command "nodejs" "/usr/bin/npm" "install" "-l"
10 error cwd /home/evicenti/blog.production
11 error node -v v0.8.14
12 error npm -v 1.1.65
13 error path /home/evicenti/blog.production/package.json
14 error code ENOENT
15 error errno 34
16 verbose exit [ 34, true ]
